2024/09/03 16:34:54 [notice] 1#1: using the "epoll" event method
2024/09/03 16:34:54 [notice] 1#1: nginx/1.20.2
2024/09/03 16:34:54 [notice] 1#1: built by gcc 10.2.1 20210110 (Debian 10.2.1-6) 
2024/09/03 16:34:54 [notice] 1#1: OS: Linux 5.15.153.1-microsoft-standard-WSL2
2024/09/03 16:34:54 [notice] 1#1: getrlimit(RLIMIT_NOFILE): 1048576:1048576
2024/09/03 16:34:54 [notice] 1#1: start worker processes
2024/09/03 16:34:54 [notice] 1#1: start worker process 30
2024/09/03 16:34:54 [notice] 1#1: start worker process 31
2024/09/03 16:34:54 [notice] 1#1: start worker process 32
2024/09/03 16:34:54 [notice] 1#1: start worker process 33
2024/09/03 16:34:54 [notice] 1#1: start worker process 34
2024/09/03 16:34:54 [notice] 1#1: start worker process 35
2024/09/03 16:34:54 [notice] 1#1: start worker process 36
2024/09/03 16:34:54 [notice] 1#1: start worker process 37
2024/09/03 16:34:54 [notice] 1#1: start worker process 38
2024/09/03 16:34:54 [notice] 1#1: start worker process 39
2024/09/03 16:34:54 [notice] 1#1: start worker process 40
2024/09/03 16:34:54 [notice] 1#1: start worker process 41
2024/09/03 16:35:18 [notice] 1#1: signal 3 (SIGQUIT) received, shutting down
2024/09/03 16:35:18 [notice] 37#37: gracefully shutting down
2024/09/03 16:35:18 [notice] 37#37: exiting
2024/09/03 16:35:18 [notice] 38#38: gracefully shutting down
2024/09/03 16:35:18 [notice] 32#32: gracefully shutting down
2024/09/03 16:35:18 [notice] 34#34: gracefully shutting down
2024/09/03 16:35:18 [notice] 38#38: exiting
2024/09/03 16:35:18 [notice] 32#32: exiting
2024/09/03 16:35:18 [notice] 34#34: exiting
2024/09/03 16:35:18 [notice] 37#37: exit
2024/09/03 16:35:18 [notice] 32#32: exit
2024/09/03 16:35:18 [notice] 38#38: exit
2024/09/03 16:35:18 [notice] 34#34: exit
2024/09/03 16:35:18 [notice] 31#31: gracefully shutting down
2024/09/03 16:35:18 [notice] 31#31: exiting
2024/09/03 16:35:18 [notice] 31#31: exit
2024/09/03 16:35:18 [notice] 36#36: gracefully shutting down
2024/09/03 16:35:18 [notice] 35#35: gracefully shutting down
2024/09/03 16:35:18 [notice] 30#30: gracefully shutting down
2024/09/03 16:35:18 [notice] 36#36: exiting
2024/09/03 16:35:18 [notice] 35#35: exiting
2024/09/03 16:35:18 [notice] 30#30: exiting
2024/09/03 16:35:18 [notice] 36#36: exit
2024/09/03 16:35:18 [notice] 35#35: exit
2024/09/03 16:35:18 [notice] 30#30: exit
2024/09/03 16:35:18 [notice] 33#33: gracefully shutting down
2024/09/03 16:35:18 [notice] 33#33: exiting
2024/09/03 16:35:18 [notice] 33#33: exit
2024/09/03 16:35:18 [notice] 39#39: gracefully shutting down
2024/09/03 16:35:18 [notice] 39#39: exiting
2024/09/03 16:35:18 [notice] 39#39: exit
2024/09/03 16:35:18 [notice] 40#40: gracefully shutting down
2024/09/03 16:35:18 [notice] 40#40: exiting
2024/09/03 16:35:18 [notice] 40#40: exit
2024/09/03 16:35:18 [notice] 41#41: gracefully shutting down
2024/09/03 16:35:18 [notice] 41#41: exiting
2024/09/03 16:35:18 [notice] 41#41: exit
2024/09/03 16:35:18 [notice] 1#1: signal 17 (SIGCHLD) received from 34
2024/09/03 16:35:18 [notice] 1#1: worker process 34 exited with code 0
2024/09/03 16:35:18 [notice] 1#1: signal 29 (SIGIO) received
2024/09/03 16:35:18 [notice] 1#1: signal 17 (SIGCHLD) received from 35
2024/09/03 16:35:18 [notice] 1#1: worker process 35 exited with code 0
2024/09/03 16:35:18 [notice] 1#1: worker process 39 exited with code 0
2024/09/03 16:35:18 [notice] 1#1: worker process 41 exited with code 0
2024/09/03 16:35:18 [notice] 1#1: signal 29 (SIGIO) received
2024/09/03 16:35:18 [notice] 1#1: signal 17 (SIGCHLD) received from 31
2024/09/03 16:35:18 [notice] 1#1: worker process 31 exited with code 0
2024/09/03 16:35:18 [notice] 1#1: worker process 33 exited with code 0
2024/09/03 16:35:18 [notice] 1#1: worker process 40 exited with code 0
2024/09/03 16:35:18 [notice] 1#1: signal 29 (SIGIO) received
2024/09/03 16:35:18 [notice] 1#1: signal 17 (SIGCHLD) received from 32
2024/09/03 16:35:18 [notice] 1#1: worker process 30 exited with code 0
2024/09/03 16:35:18 [notice] 1#1: worker process 32 exited with code 0
2024/09/03 16:35:18 [notice] 1#1: signal 29 (SIGIO) received
2024/09/03 16:35:18 [notice] 1#1: signal 17 (SIGCHLD) received from 37
2024/09/03 16:35:18 [notice] 1#1: worker process 36 exited with code 0
2024/09/03 16:35:18 [notice] 1#1: worker process 37 exited with code 0
2024/09/03 16:35:18 [notice] 1#1: worker process 38 exited with code 0
2024/09/03 16:35:18 [notice] 1#1: exit
2024/09/03 16:35:28 [notice] 1#1: using the "epoll" event method
2024/09/03 16:35:28 [notice] 1#1: nginx/1.20.2
2024/09/03 16:35:28 [notice] 1#1: built by gcc 10.2.1 20210110 (Debian 10.2.1-6) 
2024/09/03 16:35:28 [notice] 1#1: OS: Linux 5.15.153.1-microsoft-standard-WSL2
2024/09/03 16:35:28 [notice] 1#1: getrlimit(RLIMIT_NOFILE): 1048576:1048576
2024/09/03 16:35:28 [notice] 1#1: start worker processes
2024/09/03 16:35:28 [notice] 1#1: start worker process 30
2024/09/03 16:35:28 [notice] 1#1: start worker process 31
2024/09/03 16:35:28 [notice] 1#1: start worker process 32
2024/09/03 16:35:28 [notice] 1#1: start worker process 33
2024/09/03 16:35:28 [notice] 1#1: start worker process 34
2024/09/03 16:35:28 [notice] 1#1: start worker process 35
2024/09/03 16:35:28 [notice] 1#1: start worker process 36
2024/09/03 16:35:28 [notice] 1#1: start worker process 37
2024/09/03 16:35:28 [notice] 1#1: start worker process 38
2024/09/03 16:35:28 [notice] 1#1: start worker process 39
2024/09/03 16:35:28 [notice] 1#1: start worker process 40
2024/09/03 16:35:28 [notice] 1#1: start worker process 41
2024/09/03 16:38:27 [notice] 1#1: signal 3 (SIGQUIT) received, shutting down
2024/09/03 16:38:27 [notice] 36#36: gracefully shutting down
2024/09/03 16:38:27 [notice] 38#38: gracefully shutting down
2024/09/03 16:38:27 [notice] 39#39: gracefully shutting down
2024/09/03 16:38:27 [notice] 33#33: gracefully shutting down
2024/09/03 16:38:27 [notice] 32#32: gracefully shutting down
2024/09/03 16:38:27 [notice] 41#41: gracefully shutting down
2024/09/03 16:38:27 [notice] 36#36: exiting
2024/09/03 16:38:27 [notice] 38#38: exiting
2024/09/03 16:38:27 [notice] 39#39: exiting
2024/09/03 16:38:27 [notice] 41#41: exiting
2024/09/03 16:38:27 [notice] 32#32: exiting
2024/09/03 16:38:27 [notice] 33#33: exiting
2024/09/03 16:38:27 [notice] 41#41: exit
2024/09/03 16:38:27 [notice] 36#36: exit
2024/09/03 16:38:27 [notice] 38#38: exit
2024/09/03 16:38:27 [notice] 32#32: exit
2024/09/03 16:38:27 [notice] 39#39: exit
2024/09/03 16:38:27 [notice] 33#33: exit
2024/09/03 16:38:27 [notice] 35#35: gracefully shutting down
2024/09/03 16:38:27 [notice] 35#35: exiting
2024/09/03 16:38:27 [notice] 35#35: exit
2024/09/03 16:38:27 [notice] 30#30: gracefully shutting down
2024/09/03 16:38:27 [notice] 34#34: gracefully shutting down
2024/09/03 16:38:27 [notice] 34#34: exiting
2024/09/03 16:38:27 [notice] 34#34: exit
2024/09/03 16:38:27 [notice] 30#30: exiting
2024/09/03 16:38:27 [notice] 31#31: gracefully shutting down
2024/09/03 16:38:27 [notice] 30#30: exit
2024/09/03 16:38:27 [notice] 31#31: exiting
2024/09/03 16:38:27 [notice] 31#31: exit
2024/09/03 16:38:27 [notice] 37#37: gracefully shutting down
2024/09/03 16:38:27 [notice] 37#37: exiting
2024/09/03 16:38:27 [notice] 37#37: exit
2024/09/03 16:38:27 [notice] 40#40: gracefully shutting down
2024/09/03 16:38:27 [notice] 40#40: exiting
2024/09/03 16:38:27 [notice] 40#40: exit
2024/09/03 16:38:27 [notice] 1#1: signal 17 (SIGCHLD) received from 33
2024/09/03 16:38:27 [notice] 1#1: worker process 33 exited with code 0
2024/09/03 16:38:27 [notice] 1#1: worker process 36 exited with code 0
2024/09/03 16:38:27 [notice] 1#1: worker process 38 exited with code 0
2024/09/03 16:38:27 [notice] 1#1: worker process 39 exited with code 0
2024/09/03 16:38:27 [notice] 1#1: worker process 41 exited with code 0
2024/09/03 16:38:27 [notice] 1#1: worker process 34 exited with code 0
2024/09/03 16:38:27 [notice] 1#1: signal 29 (SIGIO) received
2024/09/03 16:38:27 [notice] 1#1: signal 17 (SIGCHLD) received from 41
2024/09/03 16:38:27 [notice] 1#1: worker process 31 exited with code 0
2024/09/03 16:38:27 [notice] 1#1: worker process 35 exited with code 0
2024/09/03 16:38:27 [notice] 1#1: signal 29 (SIGIO) received
2024/09/03 16:38:27 [notice] 1#1: signal 17 (SIGCHLD) received from 32
2024/09/03 16:38:27 [notice] 1#1: worker process 30 exited with code 0
2024/09/03 16:38:27 [notice] 1#1: worker process 32 exited with code 0
2024/09/03 16:38:27 [notice] 1#1: worker process 37 exited with code 0
2024/09/03 16:38:27 [notice] 1#1: worker process 40 exited with code 0
2024/09/03 16:38:27 [notice] 1#1: exit
2024/09/03 16:38:58 [notice] 1#1: using the "epoll" event method
2024/09/03 16:38:58 [notice] 1#1: nginx/1.20.2
2024/09/03 16:38:58 [notice] 1#1: built by gcc 10.2.1 20210110 (Debian 10.2.1-6) 
2024/09/03 16:38:58 [notice] 1#1: OS: Linux 5.15.153.1-microsoft-standard-WSL2
2024/09/03 16:38:58 [notice] 1#1: getrlimit(RLIMIT_NOFILE): 1048576:1048576
2024/09/03 16:38:58 [notice] 1#1: start worker processes
2024/09/03 16:38:58 [notice] 1#1: start worker process 30
2024/09/03 16:38:58 [notice] 1#1: start worker process 31
2024/09/03 16:38:58 [notice] 1#1: start worker process 32
2024/09/03 16:38:58 [notice] 1#1: start worker process 33
2024/09/03 16:38:58 [notice] 1#1: start worker process 34
2024/09/03 16:38:58 [notice] 1#1: start worker process 35
2024/09/03 16:38:58 [notice] 1#1: start worker process 36
2024/09/03 16:38:58 [notice] 1#1: start worker process 37
2024/09/03 16:38:58 [notice] 1#1: start worker process 38
2024/09/03 16:38:58 [notice] 1#1: start worker process 39
2024/09/03 16:38:58 [notice] 1#1: start worker process 40
2024/09/03 16:38:58 [notice] 1#1: start worker process 41
2024/09/03 16:39:24 [notice] 1#1: signal 3 (SIGQUIT) received, shutting down
2024/09/03 16:39:24 [notice] 34#34: gracefully shutting down
2024/09/03 16:39:24 [notice] 31#31: gracefully shutting down
2024/09/03 16:39:24 [notice] 34#34: exiting
2024/09/03 16:39:24 [notice] 31#31: exiting
2024/09/03 16:39:24 [notice] 39#39: gracefully shutting down
2024/09/03 16:39:24 [notice] 40#40: gracefully shutting down
2024/09/03 16:39:24 [notice] 35#35: gracefully shutting down
2024/09/03 16:39:24 [notice] 39#39: exiting
2024/09/03 16:39:24 [notice] 40#40: exiting
2024/09/03 16:39:24 [notice] 34#34: exit
2024/09/03 16:39:24 [notice] 31#31: exit
2024/09/03 16:39:24 [notice] 35#35: exiting
2024/09/03 16:39:24 [notice] 33#33: gracefully shutting down
2024/09/03 16:39:24 [notice] 39#39: exit
2024/09/03 16:39:24 [notice] 40#40: exit
2024/09/03 16:39:24 [notice] 33#33: exiting
2024/09/03 16:39:24 [notice] 35#35: exit
2024/09/03 16:39:24 [notice] 33#33: exit
2024/09/03 16:39:24 [notice] 30#30: gracefully shutting down
2024/09/03 16:39:24 [notice] 37#37: gracefully shutting down
2024/09/03 16:39:24 [notice] 37#37: exiting
2024/09/03 16:39:24 [notice] 36#36: gracefully shutting down
2024/09/03 16:39:24 [notice] 37#37: exit
2024/09/03 16:39:24 [notice] 36#36: exiting
2024/09/03 16:39:24 [notice] 30#30: exiting
2024/09/03 16:39:24 [notice] 36#36: exit
2024/09/03 16:39:24 [notice] 30#30: exit
2024/09/03 16:39:24 [notice] 32#32: gracefully shutting down
2024/09/03 16:39:24 [notice] 41#41: gracefully shutting down
2024/09/03 16:39:24 [notice] 38#38: gracefully shutting down
2024/09/03 16:39:24 [notice] 32#32: exiting
2024/09/03 16:39:24 [notice] 41#41: exiting
2024/09/03 16:39:24 [notice] 38#38: exiting
2024/09/03 16:39:24 [notice] 32#32: exit
2024/09/03 16:39:24 [notice] 41#41: exit
2024/09/03 16:39:24 [notice] 38#38: exit
2024/09/03 16:39:24 [notice] 1#1: signal 17 (SIGCHLD) received from 41
2024/09/03 16:39:24 [notice] 1#1: worker process 32 exited with code 0
2024/09/03 16:39:24 [notice] 1#1: worker process 35 exited with code 0
2024/09/03 16:39:24 [notice] 1#1: worker process 41 exited with code 0
2024/09/03 16:39:24 [notice] 1#1: signal 29 (SIGIO) received
2024/09/03 16:39:24 [notice] 1#1: signal 17 (SIGCHLD) received from 32
2024/09/03 16:39:24 [notice] 1#1: signal 17 (SIGCHLD) received from 38
2024/09/03 16:39:24 [notice] 1#1: worker process 33 exited with code 0
2024/09/03 16:39:24 [notice] 1#1: worker process 36 exited with code 0
2024/09/03 16:39:24 [notice] 1#1: worker process 38 exited with code 0
2024/09/03 16:39:24 [notice] 1#1: worker process 39 exited with code 0
2024/09/03 16:39:24 [notice] 1#1: worker process 40 exited with code 0
2024/09/03 16:39:24 [notice] 1#1: signal 29 (SIGIO) received
2024/09/03 16:39:24 [notice] 1#1: signal 17 (SIGCHLD) received from 36
2024/09/03 16:39:24 [notice] 1#1: signal 17 (SIGCHLD) received from 34
2024/09/03 16:39:24 [notice] 1#1: worker process 30 exited with code 0
2024/09/03 16:39:24 [notice] 1#1: worker process 31 exited with code 0
2024/09/03 16:39:24 [notice] 1#1: worker process 34 exited with code 0
2024/09/03 16:39:24 [notice] 1#1: worker process 37 exited with code 0
2024/09/03 16:39:24 [notice] 1#1: exit
2024/09/03 16:49:21 [notice] 1#1: using the "epoll" event method
2024/09/03 16:49:21 [notice] 1#1: nginx/1.20.2
2024/09/03 16:49:21 [notice] 1#1: built by gcc 10.2.1 20210110 (Debian 10.2.1-6) 
2024/09/03 16:49:21 [notice] 1#1: OS: Linux 5.15.153.1-microsoft-standard-WSL2
2024/09/03 16:49:21 [notice] 1#1: getrlimit(RLIMIT_NOFILE): 1048576:1048576
2024/09/03 16:49:21 [notice] 1#1: start worker processes
2024/09/03 16:49:21 [notice] 1#1: start worker process 30
2024/09/03 16:49:21 [notice] 1#1: start worker process 31
2024/09/03 16:49:21 [notice] 1#1: start worker process 32
2024/09/03 16:49:21 [notice] 1#1: start worker process 33
2024/09/03 16:49:21 [notice] 1#1: start worker process 34
2024/09/03 16:49:21 [notice] 1#1: start worker process 35
2024/09/03 16:49:21 [notice] 1#1: start worker process 36
2024/09/03 16:49:21 [notice] 1#1: start worker process 37
2024/09/03 16:49:21 [notice] 1#1: start worker process 38
2024/09/03 16:49:21 [notice] 1#1: start worker process 39
2024/09/03 16:49:21 [notice] 1#1: start worker process 40
2024/09/03 16:49:21 [notice] 1#1: start worker process 41
2024/09/03 16:53:02 [error] 31#31: *22 open() "/var/www/html/tutu" failed (2: No such file or directory), client: 172.18.0.1, server: , request: "GET /tutu HTTP/1.1", host: "localhost"
2024/09/03 17:02:29 [notice] 1#1: signal 3 (SIGQUIT) received, shutting down
2024/09/03 17:02:29 [notice] 30#30: gracefully shutting down
2024/09/03 17:02:29 [notice] 31#31: gracefully shutting down
2024/09/03 17:02:29 [notice] 30#30: exiting
2024/09/03 17:02:29 [notice] 32#32: gracefully shutting down
2024/09/03 17:02:29 [notice] 31#31: exiting
2024/09/03 17:02:29 [notice] 33#33: gracefully shutting down
2024/09/03 17:02:29 [notice] 32#32: exiting
2024/09/03 17:02:29 [notice] 36#36: gracefully shutting down
2024/09/03 17:02:29 [notice] 34#34: gracefully shutting down
2024/09/03 17:02:29 [notice] 33#33: exiting
2024/09/03 17:02:29 [notice] 37#37: gracefully shutting down
2024/09/03 17:02:29 [notice] 35#35: gracefully shutting down
2024/09/03 17:02:29 [notice] 31#31: exit
2024/09/03 17:02:29 [notice] 36#36: exiting
2024/09/03 17:02:29 [notice] 32#32: exit
2024/09/03 17:02:29 [notice] 41#41: gracefully shutting down
2024/09/03 17:02:29 [notice] 34#34: exiting
2024/09/03 17:02:29 [notice] 39#39: gracefully shutting down
2024/09/03 17:02:29 [notice] 37#37: exiting
2024/09/03 17:02:29 [notice] 41#41: exiting
2024/09/03 17:02:29 [notice] 35#35: exiting
2024/09/03 17:02:29 [notice] 36#36: exit
2024/09/03 17:02:29 [notice] 39#39: exiting
2024/09/03 17:02:29 [notice] 33#33: exit
2024/09/03 17:02:29 [notice] 34#34: exit
2024/09/03 17:02:29 [notice] 37#37: exit
2024/09/03 17:02:29 [notice] 41#41: exit
2024/09/03 17:02:29 [notice] 35#35: exit
2024/09/03 17:02:29 [notice] 39#39: exit
2024/09/03 17:02:29 [notice] 30#30: exit
2024/09/03 17:02:29 [notice] 38#38: gracefully shutting down
2024/09/03 17:02:29 [notice] 40#40: gracefully shutting down
2024/09/03 17:02:29 [notice] 38#38: exiting
2024/09/03 17:02:29 [notice] 40#40: exiting
2024/09/03 17:02:29 [notice] 38#38: exit
2024/09/03 17:02:29 [notice] 40#40: exit
2024/09/03 17:02:29 [notice] 1#1: signal 17 (SIGCHLD) received from 32
2024/09/03 17:02:29 [notice] 1#1: worker process 32 exited with code 0
2024/09/03 17:02:29 [notice] 1#1: worker process 38 exited with code 0
2024/09/03 17:02:29 [notice] 1#1: worker process 31 exited with code 0
2024/09/03 17:02:29 [notice] 1#1: worker process 37 exited with code 0
2024/09/03 17:02:29 [notice] 1#1: worker process 39 exited with code 0
2024/09/03 17:02:29 [notice] 1#1: signal 29 (SIGIO) received
2024/09/03 17:02:29 [notice] 1#1: signal 17 (SIGCHLD) received from 38
2024/09/03 17:02:29 [notice] 1#1: worker process 30 exited with code 0
2024/09/03 17:02:29 [notice] 1#1: signal 29 (SIGIO) received
2024/09/03 17:02:29 [notice] 1#1: signal 17 (SIGCHLD) received from 34
2024/09/03 17:02:29 [notice] 1#1: worker process 33 exited with code 0
2024/09/03 17:02:29 [notice] 1#1: worker process 34 exited with code 0
2024/09/03 17:02:29 [notice] 1#1: worker process 35 exited with code 0
2024/09/03 17:02:29 [notice] 1#1: worker process 36 exited with code 0
2024/09/03 17:02:29 [notice] 1#1: worker process 40 exited with code 0
2024/09/03 17:02:29 [notice] 1#1: worker process 41 exited with code 0
2024/09/03 17:02:29 [notice] 1#1: exit
2024/09/03 17:03:03 [error] 7#7: *1 directory index of "/var/www/html/" is forbidden, client: 172.18.0.1, server: _, request: "GET / HTTP/1.1", host: "localhost", referrer: "http://localhost/?page_id=2"
2024/09/03 17:03:04 [error] 7#7: *1 directory index of "/var/www/html/" is forbidden, client: 172.18.0.1, server: _, request: "GET / HTTP/1.1", host: "localhost", referrer: "http://localhost/?page_id=2"
2024/09/03 17:03:06 [error] 7#7: *1 directory index of "/var/www/html/" is forbidden, client: 172.18.0.1, server: _, request: "GET / HTTP/1.1", host: "localhost", referrer: "http://localhost/?page_id=2"
2024/09/03 17:03:19 [error] 7#7: *1 directory index of "/var/www/html/wp-admin/" is forbidden, client: 172.18.0.1, server: _, request: "GET /wp-admin/ HTTP/1.1", host: "localhost", referrer: "http://localhost/wp-login.php"
2024/09/03 17:03:20 [error] 7#7: *1 directory index of "/var/www/html/wp-admin/" is forbidden, client: 172.18.0.1, server: _, request: "GET /wp-admin/ HTTP/1.1", host: "localhost", referrer: "http://localhost/wp-login.php"
2024/09/03 17:10:02 [error] 7#7: *1 directory index of "/var/www/html/" is forbidden, client: 172.18.0.1, server: _, request: "GET / HTTP/1.1", host: "localhost", referrer: "http://localhost/?page_id=2"
2024/09/03 17:10:03 [error] 7#7: *1 directory index of "/var/www/html/" is forbidden, client: 172.18.0.1, server: _, request: "GET / HTTP/1.1", host: "localhost", referrer: "http://localhost/?page_id=2"
2024/09/03 17:10:12 [error] 7#7: *1 directory index of "/var/www/html/wp-admin/" is forbidden, client: 172.18.0.1, server: _, request: "GET /wp-admin/ HTTP/1.1", host: "localhost", referrer: "http://localhost/wp-login.php"
2024/09/03 17:10:20 [error] 7#7: *1 directory index of "/var/www/html/wp-admin/" is forbidden, client: 172.18.0.1, server: _, request: "GET /wp-admin/ HTTP/1.1", host: "localhost", referrer: "http://localhost/wp-login.php"
2024/09/03 17:10:22 [error] 7#7: *1 directory index of "/var/www/html/wp-admin/" is forbidden, client: 172.18.0.1, server: _, request: "GET /wp-admin/ HTTP/1.1", host: "localhost"
2024/09/03 17:11:55 [error] 7#7: *1 directory index of "/var/www/html/" is forbidden, client: 172.18.0.1, server: _, request: "GET / HTTP/1.1", host: "localhost", referrer: "http://localhost/?page_id=2"
2024/09/03 17:11:58 [error] 7#7: *1 directory index of "/var/www/html/wp-admin/" is forbidden, client: 172.18.0.1, server: _, request: "GET /wp-admin/ HTTP/1.1", host: "localhost"
2024/09/03 17:14:25 [error] 7#7: *1 directory index of "/var/www/html/" is forbidden, client: 172.18.0.1, server: _, request: "GET / HTTP/1.1", host: "localhost", referrer: "http://localhost/?page_id=2"
2024/09/03 17:14:28 [error] 7#7: *1 directory index of "/var/www/html/" is forbidden, client: 172.18.0.1, server: _, request: "GET / HTTP/1.1", host: "localhost"
2024/09/03 17:14:31 [error] 7#7: *1 directory index of "/var/www/html/wp-admin/" is forbidden, client: 172.18.0.1, server: _, request: "GET /wp-admin/ HTTP/1.1", host: "localhost"
2024/09/03 17:14:33 [error] 7#7: *1 directory index of "/var/www/html/wp-admin/" is forbidden, client: 172.18.0.1, server: _, request: "GET /wp-admin/ HTTP/1.1", host: "localhost"
2024/09/03 17:14:33 [error] 7#7: *1 directory index of "/var/www/html/wp-admin/" is forbidden, client: 172.18.0.1, server: _, request: "GET /wp-admin/ HTTP/1.1", host: "localhost"
2024/09/03 17:14:33 [error] 7#7: *1 directory index of "/var/www/html/wp-admin/" is forbidden, client: 172.18.0.1, server: _, request: "GET /wp-admin/ HTTP/1.1", host: "localhost"
2024/09/03 17:15:07 [error] 7#7: *1 directory index of "/var/www/html/" is forbidden, client: 172.18.0.1, server: _, request: "GET / HTTP/1.1", host: "localhost"
2024/09/03 17:16:54 [error] 7#7: *1 directory index of "/var/www/html/" is forbidden, client: 172.18.0.1, server: _, request: "GET / HTTP/1.1", host: "localhost"
2024/09/03 17:16:57 [error] 7#7: *1 directory index of "/var/www/html/wp-admin/" is forbidden, client: 172.18.0.1, server: _, request: "GET /wp-admin/ HTTP/1.1", host: "localhost"
2024/09/03 17:17:00 [error] 7#7: *1 directory index of "/var/www/html/wp-admin/" is forbidden, client: 172.18.0.1, server: _, request: "GET /wp-admin/ HTTP/1.1", host: "localhost"
2024/09/03 17:18:31 [error] 8#8: *1 directory index of "/var/www/html/" is forbidden, client: 172.18.0.1, server: _, request: "GET / HTTP/1.1", host: "localhost"
2024/09/03 17:18:33 [error] 8#8: *1 directory index of "/var/www/html/wp-admin/" is forbidden, client: 172.18.0.1, server: _, request: "GET /wp-admin/ HTTP/1.1", host: "localhost"
2024/09/03 17:18:34 [error] 8#8: *1 directory index of "/var/www/html/wp-admin/" is forbidden, client: 172.18.0.1, server: _, request: "GET /wp-admin/ HTTP/1.1", host: "localhost"
2024/09/03 17:18:34 [error] 8#8: *1 directory index of "/var/www/html/wp-admin/" is forbidden, client: 172.18.0.1, server: _, request: "GET /wp-admin/ HTTP/1.1", host: "localhost"
2024/09/03 17:18:34 [error] 8#8: *1 directory index of "/var/www/html/wp-admin/" is forbidden, client: 172.18.0.1, server: _, request: "GET /wp-admin/ HTTP/1.1", host: "localhost"
2024/09/03 17:18:34 [error] 8#8: *1 directory index of "/var/www/html/wp-admin/" is forbidden, client: 172.18.0.1, server: _, request: "GET /wp-admin/ HTTP/1.1", host: "localhost"
2024/09/03 17:18:35 [error] 8#8: *1 directory index of "/var/www/html/wp-admin/" is forbidden, client: 172.18.0.1, server: _, request: "GET /wp-admin/ HTTP/1.1", host: "localhost"
2024/09/03 17:20:22 [error] 7#7: *1 directory index of "/var/www/html/" is forbidden, client: 172.18.0.1, server: _, request: "GET / HTTP/1.1", host: "localhost"
2024/09/03 17:20:23 [error] 7#7: *1 directory index of "/var/www/html/" is forbidden, client: 172.18.0.1, server: _, request: "GET / HTTP/1.1", host: "localhost"
2024/09/03 17:20:23 [error] 7#7: *1 directory index of "/var/www/html/" is forbidden, client: 172.18.0.1, server: _, request: "GET / HTTP/1.1", host: "localhost"
2024/09/03 17:20:23 [error] 7#7: *1 directory index of "/var/www/html/" is forbidden, client: 172.18.0.1, server: _, request: "GET / HTTP/1.1", host: "localhost"
2024/09/03 17:20:23 [error] 7#7: *1 directory index of "/var/www/html/" is forbidden, client: 172.18.0.1, server: _, request: "GET / HTTP/1.1", host: "localhost"
2024/09/03 17:20:25 [error] 7#7: *1 directory index of "/var/www/html/" is forbidden, client: 172.18.0.1, server: _, request: "GET / HTTP/1.1", host: "localhost"
2024/09/03 17:20:27 [error] 7#7: *1 directory index of "/var/www/html/wp-admin/" is forbidden, client: 172.18.0.1, server: _, request: "GET /wp-admin/ HTTP/1.1", host: "localhost"
2024/09/03 17:22:07 [notice] 1#1: using the "epoll" event method
2024/09/03 17:22:07 [notice] 1#1: nginx/1.20.2
2024/09/03 17:22:07 [notice] 1#1: built by gcc 10.2.1 20210110 (Debian 10.2.1-6) 
2024/09/03 17:22:07 [notice] 1#1: OS: Linux 5.15.153.1-microsoft-standard-WSL2
2024/09/03 17:22:07 [notice] 1#1: getrlimit(RLIMIT_NOFILE): 1048576:1048576
2024/09/03 17:22:07 [notice] 1#1: start worker processes
2024/09/03 17:22:07 [notice] 1#1: start worker process 30
2024/09/03 17:22:07 [notice] 1#1: start worker process 31
2024/09/03 17:22:07 [notice] 1#1: start worker process 32
2024/09/03 17:22:07 [notice] 1#1: start worker process 33
2024/09/03 17:22:07 [notice] 1#1: start worker process 34
2024/09/03 17:22:07 [notice] 1#1: start worker process 35
2024/09/03 17:22:07 [notice] 1#1: start worker process 36
2024/09/03 17:22:07 [notice] 1#1: start worker process 37
2024/09/03 17:22:07 [notice] 1#1: start worker process 38
2024/09/03 17:22:07 [notice] 1#1: start worker process 39
2024/09/03 17:22:07 [notice] 1#1: start worker process 40
2024/09/03 17:22:07 [notice] 1#1: start worker process 41
2024/09/03 17:23:32 [notice] 1#1: signal 3 (SIGQUIT) received, shutting down
2024/09/03 17:23:32 [notice] 31#31: gracefully shutting down
2024/09/03 17:23:32 [notice] 33#33: gracefully shutting down
2024/09/03 17:23:32 [notice] 33#33: exiting
2024/09/03 17:23:32 [notice] 32#32: gracefully shutting down
2024/09/03 17:23:32 [notice] 38#38: gracefully shutting down
2024/09/03 17:23:32 [notice] 37#37: gracefully shutting down
2024/09/03 17:23:32 [notice] 32#32: exiting
2024/09/03 17:23:32 [notice] 38#38: exiting
2024/09/03 17:23:32 [notice] 31#31: exiting
2024/09/03 17:23:32 [notice] 39#39: gracefully shutting down
2024/09/03 17:23:32 [notice] 40#40: gracefully shutting down
2024/09/03 17:23:32 [notice] 39#39: exiting
2024/09/03 17:23:32 [notice] 39#39: exit
2024/09/03 17:23:32 [notice] 37#37: exiting
2024/09/03 17:23:32 [notice] 38#38: exit
2024/09/03 17:23:32 [notice] 32#32: exit
2024/09/03 17:23:32 [notice] 31#31: exit
2024/09/03 17:23:32 [notice] 37#37: exit
2024/09/03 17:23:32 [notice] 40#40: exiting
2024/09/03 17:23:32 [notice] 40#40: exit
2024/09/03 17:23:32 [notice] 41#41: gracefully shutting down
2024/09/03 17:23:32 [notice] 30#30: gracefully shutting down
2024/09/03 17:23:32 [notice] 35#35: gracefully shutting down
2024/09/03 17:23:32 [notice] 33#33: exit
2024/09/03 17:23:32 [notice] 41#41: exiting
2024/09/03 17:23:32 [notice] 30#30: exiting
2024/09/03 17:23:32 [notice] 41#41: exit
2024/09/03 17:23:32 [notice] 30#30: exit
2024/09/03 17:23:32 [notice] 35#35: exiting
2024/09/03 17:23:32 [notice] 35#35: exit
2024/09/03 17:23:32 [notice] 34#34: gracefully shutting down
2024/09/03 17:23:32 [notice] 34#34: exiting
2024/09/03 17:23:32 [notice] 36#36: gracefully shutting down
2024/09/03 17:23:32 [notice] 34#34: exit
2024/09/03 17:23:32 [notice] 36#36: exiting
2024/09/03 17:23:32 [notice] 36#36: exit
2024/09/03 17:23:32 [notice] 1#1: signal 17 (SIGCHLD) received from 38
2024/09/03 17:23:32 [notice] 1#1: worker process 38 exited with code 0
2024/09/03 17:23:32 [notice] 1#1: signal 29 (SIGIO) received
2024/09/03 17:23:32 [notice] 1#1: signal 17 (SIGCHLD) received from 31
2024/09/03 17:23:32 [notice] 1#1: worker process 30 exited with code 0
2024/09/03 17:23:32 [notice] 1#1: worker process 31 exited with code 0
2024/09/03 17:23:32 [notice] 1#1: worker process 33 exited with code 0
2024/09/03 17:23:32 [notice] 1#1: worker process 34 exited with code 0
2024/09/03 17:23:32 [notice] 1#1: worker process 35 exited with code 0
2024/09/03 17:23:32 [notice] 1#1: signal 29 (SIGIO) received
2024/09/03 17:23:32 [notice] 1#1: signal 17 (SIGCHLD) received from 41
2024/09/03 17:23:32 [notice] 1#1: worker process 41 exited with code 0
2024/09/03 17:23:32 [notice] 1#1: signal 29 (SIGIO) received
2024/09/03 17:23:32 [notice] 1#1: signal 17 (SIGCHLD) received from 40
2024/09/03 17:23:32 [notice] 1#1: worker process 40 exited with code 0
2024/09/03 17:23:32 [notice] 1#1: signal 29 (SIGIO) received
2024/09/03 17:23:32 [notice] 1#1: signal 17 (SIGCHLD) received from 36
2024/09/03 17:23:32 [notice] 1#1: worker process 36 exited with code 0
2024/09/03 17:23:32 [notice] 1#1: signal 29 (SIGIO) received
2024/09/03 17:23:32 [notice] 1#1: signal 17 (SIGCHLD) received from 37
2024/09/03 17:23:32 [notice] 1#1: worker process 32 exited with code 0
2024/09/03 17:23:32 [notice] 1#1: worker process 37 exited with code 0
2024/09/03 17:23:32 [notice] 1#1: worker process 39 exited with code 0
2024/09/03 17:23:32 [notice] 1#1: exit
2024/09/03 17:23:56 [error] 7#7: *1 directory index of "/var/www/html/" is forbidden, client: 172.18.0.1, server: _, request: "GET / HTTP/1.1", host: "localhost"
2024/09/03 17:23:59 [error] 7#7: *1 directory index of "/var/www/html/wp-admin/" is forbidden, client: 172.18.0.1, server: _, request: "GET /wp-admin/ HTTP/1.1", host: "localhost"
2024/09/03 17:25:43 [error] 7#7: *2 directory index of "/var/www/html/wp-admin/" is forbidden, client: 172.18.0.1, server: _, request: "GET /wp-admin/ HTTP/1.1", host: "localhost"
2024/09/03 17:28:31 [error] 7#7: *1 directory index of "/var/www/html/" is forbidden, client: 172.18.0.1, server: _, request: "GET / HTTP/1.1", host: "localhost"
2024/09/03 17:32:11 [error] 7#7: *1 directory index of "/var/www/html/" is forbidden, client: 172.18.0.1, server: _, request: "GET / HTTP/1.1", host: "localhost"
2024/09/03 17:32:14 [error] 7#7: *1 directory index of "/var/www/html/wp-admin/" is forbidden, client: 172.18.0.1, server: _, request: "GET /wp-admin/ HTTP/1.1", host: "localhost"
2024/09/03 17:32:14 [error] 7#7: *1 directory index of "/var/www/html/wp-admin/" is forbidden, client: 172.18.0.1, server: _, request: "GET /wp-admin/ HTTP/1.1", host: "localhost"
2024/09/03 17:35:02 [error] 7#7: *1 directory index of "/var/www/html/" is forbidden, client: 172.18.0.1, server: _, request: "GET / HTTP/1.1", host: "localhost"
2024/09/03 17:35:05 [error] 7#7: *1 directory index of "/var/www/html/wp-admin/" is forbidden, client: 172.18.0.1, server: _, request: "GET /wp-admin/ HTTP/1.1", host: "localhost"
2024/09/03 17:35:24 [notice] 1#1: using the "epoll" event method
2024/09/03 17:35:24 [notice] 1#1: nginx/1.20.2
2024/09/03 17:35:24 [notice] 1#1: built by gcc 10.2.1 20210110 (Debian 10.2.1-6) 
2024/09/03 17:35:24 [notice] 1#1: OS: Linux 5.15.153.1-microsoft-standard-WSL2
2024/09/03 17:35:24 [notice] 1#1: getrlimit(RLIMIT_NOFILE): 1048576:1048576
2024/09/03 17:35:24 [notice] 1#1: start worker processes
2024/09/03 17:35:24 [notice] 1#1: start worker process 30
2024/09/03 17:35:24 [notice] 1#1: start worker process 31
2024/09/03 17:35:24 [notice] 1#1: start worker process 32
2024/09/03 17:35:24 [notice] 1#1: start worker process 33
2024/09/03 17:35:24 [notice] 1#1: start worker process 34
2024/09/03 17:35:24 [notice] 1#1: start worker process 35
2024/09/03 17:35:24 [notice] 1#1: start worker process 36
2024/09/03 17:35:24 [notice] 1#1: start worker process 37
2024/09/03 17:35:24 [notice] 1#1: start worker process 38
2024/09/03 17:35:24 [notice] 1#1: start worker process 39
2024/09/03 17:35:24 [notice] 1#1: start worker process 40
2024/09/03 17:35:24 [notice] 1#1: start worker process 41
2024/09/03 17:36:53 [notice] 1#1: signal 3 (SIGQUIT) received, shutting down
2024/09/03 17:36:53 [notice] 30#30: gracefully shutting down
2024/09/03 17:36:53 [notice] 33#33: gracefully shutting down
2024/09/03 17:36:53 [notice] 38#38: gracefully shutting down
2024/09/03 17:36:53 [notice] 32#32: gracefully shutting down
2024/09/03 17:36:53 [notice] 33#33: exiting
2024/09/03 17:36:53 [notice] 38#38: exiting
2024/09/03 17:36:53 [notice] 32#32: exiting
2024/09/03 17:36:53 [notice] 35#35: gracefully shutting down
2024/09/03 17:36:53 [notice] 37#37: gracefully shutting down
2024/09/03 17:36:53 [notice] 30#30: exiting
2024/09/03 17:36:53 [notice] 38#38: exit
2024/09/03 17:36:53 [notice] 32#32: exit
2024/09/03 17:36:53 [notice] 33#33: exit
2024/09/03 17:36:53 [notice] 35#35: exiting
2024/09/03 17:36:53 [notice] 30#30: exit
2024/09/03 17:36:53 [notice] 37#37: exiting
2024/09/03 17:36:53 [notice] 35#35: exit
2024/09/03 17:36:53 [notice] 37#37: exit
2024/09/03 17:36:53 [notice] 40#40: gracefully shutting down
2024/09/03 17:36:53 [notice] 31#31: gracefully shutting down
2024/09/03 17:36:53 [notice] 39#39: gracefully shutting down
2024/09/03 17:36:53 [notice] 41#41: gracefully shutting down
2024/09/03 17:36:53 [notice] 40#40: exiting
2024/09/03 17:36:53 [notice] 31#31: exiting
2024/09/03 17:36:53 [notice] 39#39: exiting
2024/09/03 17:36:53 [notice] 41#41: exiting
2024/09/03 17:36:53 [notice] 40#40: exit
2024/09/03 17:36:53 [notice] 31#31: exit
2024/09/03 17:36:53 [notice] 41#41: exit
2024/09/03 17:36:53 [notice] 39#39: exit
2024/09/03 17:36:53 [notice] 36#36: gracefully shutting down
2024/09/03 17:36:53 [notice] 36#36: exiting
2024/09/03 17:36:53 [notice] 36#36: exit
2024/09/03 17:36:53 [notice] 34#34: gracefully shutting down
2024/09/03 17:36:53 [notice] 34#34: exiting
2024/09/03 17:36:53 [notice] 34#34: exit
2024/09/03 17:36:53 [notice] 1#1: signal 17 (SIGCHLD) received from 32
2024/09/03 17:36:53 [notice] 1#1: worker process 32 exited with code 0
2024/09/03 17:36:53 [notice] 1#1: signal 29 (SIGIO) received
2024/09/03 17:36:53 [notice] 1#1: signal 17 (SIGCHLD) received from 34
2024/09/03 17:36:53 [notice] 1#1: worker process 34 exited with code 0
2024/09/03 17:36:53 [notice] 1#1: worker process 37 exited with code 0
2024/09/03 17:36:53 [notice] 1#1: worker process 39 exited with code 0
2024/09/03 17:36:53 [notice] 1#1: signal 29 (SIGIO) received
2024/09/03 17:36:53 [notice] 1#1: signal 17 (SIGCHLD) received from 37
2024/09/03 17:36:53 [notice] 1#1: worker process 41 exited with code 0
2024/09/03 17:36:53 [notice] 1#1: signal 29 (SIGIO) received
2024/09/03 17:36:53 [notice] 1#1: signal 17 (SIGCHLD) received from 40
2024/09/03 17:36:53 [notice] 1#1: worker process 38 exited with code 0
2024/09/03 17:36:53 [notice] 1#1: worker process 40 exited with code 0
2024/09/03 17:36:53 [notice] 1#1: signal 29 (SIGIO) received
2024/09/03 17:36:53 [notice] 1#1: signal 17 (SIGCHLD) received from 31
2024/09/03 17:36:53 [notice] 1#1: worker process 31 exited with code 0
2024/09/03 17:36:53 [notice] 1#1: signal 29 (SIGIO) received
2024/09/03 17:36:53 [notice] 1#1: signal 17 (SIGCHLD) received from 33
2024/09/03 17:36:53 [notice] 1#1: worker process 33 exited with code 0
2024/09/03 17:36:53 [notice] 1#1: signal 29 (SIGIO) received
2024/09/03 17:36:53 [notice] 1#1: signal 17 (SIGCHLD) received from 30
2024/09/03 17:36:53 [notice] 1#1: worker process 30 exited with code 0
2024/09/03 17:36:53 [notice] 1#1: worker process 35 exited with code 0
2024/09/03 17:36:53 [notice] 1#1: signal 17 (SIGCHLD) received from 35
2024/09/03 17:36:53 [notice] 1#1: worker process 36 exited with code 0
2024/09/03 17:36:53 [notice] 1#1: exit
2024/09/03 17:37:23 [notice] 1#1: using the "epoll" event method
2024/09/03 17:37:23 [notice] 1#1: nginx/1.20.2
2024/09/03 17:37:23 [notice] 1#1: built by gcc 10.2.1 20210110 (Debian 10.2.1-6) 
2024/09/03 17:37:23 [notice] 1#1: OS: Linux 5.15.153.1-microsoft-standard-WSL2
2024/09/03 17:37:23 [notice] 1#1: getrlimit(RLIMIT_NOFILE): 1048576:1048576
2024/09/03 17:37:23 [notice] 1#1: start worker processes
2024/09/03 17:37:23 [notice] 1#1: start worker process 30
2024/09/03 17:37:23 [notice] 1#1: start worker process 31
2024/09/03 17:37:23 [notice] 1#1: start worker process 32
2024/09/03 17:37:23 [notice] 1#1: start worker process 33
2024/09/03 17:37:23 [notice] 1#1: start worker process 34
2024/09/03 17:37:23 [notice] 1#1: start worker process 35
2024/09/03 17:37:23 [notice] 1#1: start worker process 36
2024/09/03 17:37:23 [notice] 1#1: start worker process 37
2024/09/03 17:37:23 [notice] 1#1: start worker process 38
2024/09/03 17:37:23 [notice] 1#1: start worker process 39
2024/09/03 17:37:23 [notice] 1#1: start worker process 40
2024/09/03 17:37:23 [notice] 1#1: start worker process 41
2024/09/03 17:40:28 [notice] 1#1: signal 3 (SIGQUIT) received, shutting down
2024/09/03 17:40:28 [notice] 30#30: gracefully shutting down
2024/09/03 17:40:28 [notice] 31#31: gracefully shutting down
2024/09/03 17:40:28 [notice] 30#30: exiting
2024/09/03 17:40:28 [notice] 32#32: gracefully shutting down
2024/09/03 17:40:28 [notice] 35#35: gracefully shutting down
2024/09/03 17:40:28 [notice] 36#36: gracefully shutting down
2024/09/03 17:40:28 [notice] 34#34: gracefully shutting down
2024/09/03 17:40:28 [notice] 31#31: exiting
2024/09/03 17:40:28 [notice] 32#32: exiting
2024/09/03 17:40:28 [notice] 38#38: gracefully shutting down
2024/09/03 17:40:28 [notice] 35#35: exiting
2024/09/03 17:40:28 [notice] 30#30: exit
2024/09/03 17:40:28 [notice] 36#36: exiting
2024/09/03 17:40:28 [notice] 34#34: exiting
2024/09/03 17:40:28 [notice] 41#41: gracefully shutting down
2024/09/03 17:40:28 [notice] 38#38: exiting
2024/09/03 17:40:28 [notice] 31#31: exit
2024/09/03 17:40:28 [notice] 35#35: exit
2024/09/03 17:40:28 [notice] 37#37: gracefully shutting down
2024/09/03 17:40:28 [notice] 32#32: exit
2024/09/03 17:40:28 [notice] 41#41: exiting
2024/09/03 17:40:28 [notice] 36#36: exit
2024/09/03 17:40:28 [notice] 34#34: exit
2024/09/03 17:40:28 [notice] 38#38: exit
2024/09/03 17:40:28 [notice] 37#37: exiting
2024/09/03 17:40:28 [notice] 39#39: gracefully shutting down
2024/09/03 17:40:28 [notice] 41#41: exit
2024/09/03 17:40:28 [notice] 37#37: exit
2024/09/03 17:40:28 [notice] 39#39: exiting
2024/09/03 17:40:28 [notice] 39#39: exit
2024/09/03 17:40:28 [notice] 40#40: gracefully shutting down
2024/09/03 17:40:28 [notice] 33#33: gracefully shutting down
2024/09/03 17:40:28 [notice] 40#40: exiting
2024/09/03 17:40:28 [notice] 33#33: exiting
2024/09/03 17:40:28 [notice] 40#40: exit
2024/09/03 17:40:28 [notice] 33#33: exit
2024/09/03 17:40:28 [notice] 1#1: signal 17 (SIGCHLD) received from 31
2024/09/03 17:40:28 [notice] 1#1: worker process 31 exited with code 0
2024/09/03 17:40:28 [notice] 1#1: worker process 36 exited with code 0
2024/09/03 17:40:28 [notice] 1#1: signal 29 (SIGIO) received
2024/09/03 17:40:28 [notice] 1#1: signal 17 (SIGCHLD) received from 38
2024/09/03 17:40:28 [notice] 1#1: worker process 38 exited with code 0
2024/09/03 17:40:28 [notice] 1#1: signal 29 (SIGIO) received
2024/09/03 17:40:28 [notice] 1#1: signal 17 (SIGCHLD) received from 34
2024/09/03 17:40:28 [notice] 1#1: worker process 34 exited with code 0
2024/09/03 17:40:28 [notice] 1#1: worker process 40 exited with code 0
2024/09/03 17:40:28 [notice] 1#1: worker process 41 exited with code 0
2024/09/03 17:40:28 [notice] 1#1: signal 29 (SIGIO) received
2024/09/03 17:40:28 [notice] 1#1: signal 17 (SIGCHLD) received from 39
2024/09/03 17:40:28 [notice] 1#1: worker process 37 exited with code 0
2024/09/03 17:40:28 [notice] 1#1: worker process 39 exited with code 0
2024/09/03 17:40:28 [notice] 1#1: worker process 35 exited with code 0
2024/09/03 17:40:28 [notice] 1#1: signal 29 (SIGIO) received
2024/09/03 17:40:28 [notice] 1#1: signal 17 (SIGCHLD) received from 37
2024/09/03 17:40:28 [notice] 1#1: worker process 30 exited with code 0
2024/09/03 17:40:28 [notice] 1#1: worker process 32 exited with code 0
2024/09/03 17:40:28 [notice] 1#1: worker process 33 exited with code 0
2024/09/03 17:40:28 [notice] 1#1: exit
2024/09/03 17:40:55 [error] 7#7: *1 directory index of "/var/www/html/wp-admin/" is forbidden, client: 172.18.0.1, server: _, request: "GET /wp-admin/ HTTP/1.1", host: "localhost"
2024/09/03 17:40:56 [error] 7#7: *1 directory index of "/var/www/html/wp-admin/" is forbidden, client: 172.18.0.1, server: _, request: "GET /wp-admin/ HTTP/1.1", host: "localhost"
2024/09/03 17:50:31 [emerg] 1#1: "server" directive is not allowed here in /etc/nginx/nginx.conf:3
2024/09/03 17:51:39 [emerg] 1#1: "server" directive is not allowed here in /etc/nginx/nginx.conf:3
2024/09/03 17:53:37 [emerg] 1#1: "server" directive is not allowed here in /etc/nginx/nginx.conf:3
2024/09/03 17:54:33 [emerg] 1#1: "server" directive is not allowed here in /etc/nginx/nginx.conf:3
2024/09/03 17:57:06 [error] 7#7: *1 directory index of "/var/www/html/" is forbidden, client: 172.18.0.1, server: _, request: "GET / HTTP/1.1", host: "localhost"
2024/09/03 17:59:10 [error] 7#7: *1 directory index of "/var/www/html/" is forbidden, client: 172.18.0.1, server: _, request: "GET / HTTP/1.1", host: "localhost"
2024/09/03 17:59:12 [error] 7#7: *1 directory index of "/var/www/html/" is forbidden, client: 172.18.0.1, server: _, request: "GET / HTTP/1.1", host: "localhost"
2024/09/03 17:59:48 [error] 7#7: *1 directory index of "/var/www/html/" is forbidden, client: 172.18.0.1, server: _, request: "GET / HTTP/1.1", host: "localhost"
2024/09/03 18:01:49 [error] 7#7: *1 directory index of "/var/www/html/" is forbidden, client: 172.18.0.1, server: _, request: "GET / HTTP/1.1", host: "localhost"
2024/09/03 18:07:53 [error] 7#7: *1 directory index of "/var/www/html/" is forbidden, client: 172.18.0.1, server: _, request: "GET / HTTP/1.1", host: "localhost"
2024/09/03 18:07:54 [error] 7#7: *1 directory index of "/var/www/html/" is forbidden, client: 172.18.0.1, server: _, request: "GET / HTTP/1.1", host: "localhost"
2024/09/03 18:07:54 [error] 7#7: *1 directory index of "/var/www/html/" is forbidden, client: 172.18.0.1, server: _, request: "GET / HTTP/1.1", host: "localhost"
2024/09/03 18:07:54 [error] 7#7: *1 directory index of "/var/www/html/" is forbidden, client: 172.18.0.1, server: _, request: "GET / HTTP/1.1", host: "localhost"
2024/09/03 18:07:54 [error] 7#7: *1 directory index of "/var/www/html/" is forbidden, client: 172.18.0.1, server: _, request: "GET / HTTP/1.1", host: "localhost"
2024/09/03 18:07:55 [error] 7#7: *1 directory index of "/var/www/html/" is forbidden, client: 172.18.0.1, server: _, request: "GET / HTTP/1.1", host: "localhost"
2024/09/03 18:07:55 [error] 7#7: *1 directory index of "/var/www/html/" is forbidden, client: 172.18.0.1, server: _, request: "GET / HTTP/1.1", host: "localhost"
2024/09/03 18:07:55 [error] 7#7: *1 directory index of "/var/www/html/" is forbidden, client: 172.18.0.1, server: _, request: "GET / HTTP/1.1", host: "localhost"
2024/09/03 18:08:29 [error] 7#7: *1 directory index of "/var/www/html/" is forbidden, client: 172.18.0.1, server: _, request: "GET / HTTP/1.1", host: "localhost"
2024/09/03 18:09:37 [error] 7#7: *2 directory index of "/var/www/html/" is forbidden, client: 172.18.0.1, server: _, request: "GET / HTTP/1.1", host: "localhost"
2024/09/03 18:12:35 [error] 7#7: *1 directory index of "/var/www/html/" is forbidden, client: 172.18.0.1, server: _, request: "GET / HTTP/1.1", host: "localhost"
2024/09/03 18:12:37 [error] 7#7: *1 directory index of "/var/www/html/" is forbidden, client: 172.18.0.1, server: _, request: "GET / HTTP/1.1", host: "localhost"
2024/09/03 18:12:57 [error] 7#7: *1 directory index of "/var/www/html/" is forbidden, client: 172.18.0.1, server: _, request: "GET / HTTP/1.1", host: "localhost"
2024/09/03 18:17:45 [emerg] 1#1: "server" directive is not allowed here in /etc/nginx/nginx.conf:3
2024/09/03 18:21:31 [error] 7#7: *1 directory index of "/var/www/html/" is forbidden, client: 172.18.0.1, server: _, request: "GET / HTTP/1.1", host: "localhost"
2024/09/03 18:21:32 [error] 7#7: *1 directory index of "/var/www/html/" is forbidden, client: 172.18.0.1, server: _, request: "GET / HTTP/1.1", host: "localhost"
2024/09/03 18:21:33 [error] 7#7: *1 directory index of "/var/www/html/" is forbidden, client: 172.18.0.1, server: _, request: "GET / HTTP/1.1", host: "localhost"
2024/09/03 18:26:39 [error] 7#7: *1 directory index of "/var/www/html/" is forbidden, client: 172.18.0.1, server: _, request: "GET / HTTP/1.1", host: "localhost"
2024/09/03 18:26:41 [error] 7#7: *1 directory index of "/var/www/html/" is forbidden, client: 172.18.0.1, server: _, request: "GET / HTTP/1.1", host: "localhost"
2024/09/03 18:26:42 [error] 7#7: *1 directory index of "/var/www/html/" is forbidden, client: 172.18.0.1, server: _, request: "GET / HTTP/1.1", host: "localhost"
2024/09/03 18:41:05 [error] 7#7: *1 directory index of "/var/www/html/" is forbidden, client: 172.18.0.1, server: _, request: "GET / HTTP/1.1", host: "localhost"
2024/09/03 18:41:07 [error] 7#7: *1 directory index of "/var/www/html/" is forbidden, client: 172.18.0.1, server: _, request: "GET / HTTP/1.1", host: "localhost"
2024/09/03 18:47:14 [error] 7#7: *1 directory index of "/var/www/html/" is forbidden, client: 172.18.0.1, server: _, request: "GET / HTTP/1.1", host: "localhost"
2024/09/03 18:47:16 [error] 7#7: *1 directory index of "/var/www/html/" is forbidden, client: 172.18.0.1, server: _, request: "GET / HTTP/1.1", host: "localhost"
2024/09/03 18:48:23 [error] 7#7: *1 directory index of "/var/www/html/" is forbidden, client: 172.18.0.1, server: _, request: "GET / HTTP/1.1", host: "localhost"
2024/09/03 18:48:24 [error] 7#7: *1 directory index of "/var/www/html/" is forbidden, client: 172.18.0.1, server: _, request: "GET / HTTP/1.1", host: "localhost"
2024/09/03 18:48:26 [error] 7#7: *1 directory index of "/var/www/html/" is forbidden, client: 172.18.0.1, server: _, request: "GET / HTTP/1.1", host: "localhost"
2024/09/03 18:50:46 [error] 7#7: *1 directory index of "/var/www/html/" is forbidden, client: 172.18.0.1, server: _, request: "GET / HTTP/1.1", host: "localhost"
2024/09/03 18:51:09 [error] 7#7: *1 directory index of "/var/www/html/" is forbidden, client: 172.18.0.1, server: _, request: "GET / HTTP/1.1", host: "localhost"
2024/09/03 18:56:40 [error] 7#7: *1 directory index of "/var/www/html/" is forbidden, client: 172.18.0.1, server: _, request: "GET / HTTP/1.1", host: "localhost"
2024/09/03 19:01:55 [error] 7#7: *2 directory index of "/var/www/html/wp-admin/" is forbidden, client: 172.18.0.1, server: _, request: "GET /wp-admin/ HTTP/1.1", host: "localhost"
2024/09/03 19:04:29 [error] 7#7: *1 directory index of "/var/www/html/wp-admin/" is forbidden, client: 172.18.0.1, server: _, request: "GET /wp-admin/ HTTP/1.1", host: "localhost"
2024/09/03 19:04:33 [error] 7#7: *1 directory index of "/var/www/html/" is forbidden, client: 172.18.0.1, server: _, request: "GET / HTTP/1.1", host: "localhost"
2024/09/03 19:04:34 [error] 7#7: *1 directory index of "/var/www/html/" is forbidden, client: 172.18.0.1, server: _, request: "GET / HTTP/1.1", host: "localhost"
2024/09/03 19:07:24 [error] 7#7: *1 directory index of "/var/www/html/" is forbidden, client: 172.18.0.1, server: _, request: "GET / HTTP/1.1", host: "localhost"
2024/09/03 19:08:45 [error] 7#7: *1 directory index of "/var/www/html/" is forbidden, client: 172.18.0.1, server: _, request: "GET / HTTP/1.1", host: "localhost"
2024/09/03 19:08:49 [error] 7#7: *1 directory index of "/var/www/html/" is forbidden, client: 172.18.0.1, server: _, request: "GET / HTTP/1.1", host: "localhost"
2024/09/03 19:12:28 [error] 7#7: *1 directory index of "/var/www/html/" is forbidden, client: 172.18.0.1, server: _, request: "GET / HTTP/1.1", host: "localhost"
2024/09/03 19:12:33 [error] 7#7: *1 directory index of "/var/www/html/wp-admin/" is forbidden, client: 172.18.0.1, server: _, request: "GET /wp-admin/ HTTP/1.1", host: "localhost"
2024/09/03 19:17:24 [error] 7#7: *2 directory index of "/var/www/html/" is forbidden, client: 172.18.0.1, server: _, request: "GET / HTTP/1.1", host: "localhost"
2024/09/03 19:21:00 [error] 7#7: *1 directory index of "/var/www/html/wp-admin/" is forbidden, client: 172.18.0.1, server: _, request: "GET /wp-admin/ HTTP/1.1", host: "localhost"
2024/09/03 19:26:25 [error] 7#7: *2 directory index of "/var/www/html/" is forbidden, client: 172.18.0.1, server: _, request: "GET / HTTP/1.1", host: "localhost"
2024/09/03 19:27:05 [notice] 1#1: using the "epoll" event method
2024/09/03 19:27:05 [notice] 1#1: nginx/1.20.2
2024/09/03 19:27:05 [notice] 1#1: built by gcc 10.2.1 20210110 (Debian 10.2.1-6) 
2024/09/03 19:27:05 [notice] 1#1: OS: Linux 5.15.153.1-microsoft-standard-WSL2
2024/09/03 19:27:05 [notice] 1#1: getrlimit(RLIMIT_NOFILE): 1048576:1048576
2024/09/03 19:27:05 [notice] 1#1: start worker processes
2024/09/03 19:27:05 [notice] 1#1: start worker process 30
2024/09/03 19:27:05 [notice] 1#1: start worker process 31
2024/09/03 19:27:05 [notice] 1#1: start worker process 32
2024/09/03 19:27:05 [notice] 1#1: start worker process 33
2024/09/03 19:27:05 [notice] 1#1: start worker process 34
2024/09/03 19:27:05 [notice] 1#1: start worker process 35
2024/09/03 19:27:05 [notice] 1#1: start worker process 36
2024/09/03 19:27:05 [notice] 1#1: start worker process 37
2024/09/03 19:27:05 [notice] 1#1: start worker process 38
2024/09/03 19:27:05 [notice] 1#1: start worker process 39
2024/09/03 19:27:05 [notice] 1#1: start worker process 40
2024/09/03 19:27:05 [notice] 1#1: start worker process 41
2024/09/03 19:27:55 [notice] 1#1: signal 3 (SIGQUIT) received, shutting down
2024/09/03 19:27:55 [notice] 30#30: gracefully shutting down
2024/09/03 19:27:55 [notice] 31#31: gracefully shutting down
2024/09/03 19:27:55 [notice] 37#37: gracefully shutting down
2024/09/03 19:27:55 [notice] 31#31: exiting
2024/09/03 19:27:55 [notice] 38#38: gracefully shutting down
2024/09/03 19:27:55 [notice] 37#37: exiting
2024/09/03 19:27:55 [notice] 32#32: gracefully shutting down
2024/09/03 19:27:55 [notice] 38#38: exiting
2024/09/03 19:27:55 [notice] 32#32: exiting
2024/09/03 19:27:55 [notice] 40#40: gracefully shutting down
2024/09/03 19:27:55 [notice] 31#31: exit
2024/09/03 19:27:55 [notice] 35#35: gracefully shutting down
2024/09/03 19:27:55 [notice] 37#37: exit
2024/09/03 19:27:55 [notice] 30#30: exiting
2024/09/03 19:27:55 [notice] 40#40: exiting
2024/09/03 19:27:55 [notice] 35#35: exiting
2024/09/03 19:27:55 [notice] 38#38: exit
2024/09/03 19:27:55 [notice] 32#32: exit
2024/09/03 19:27:55 [notice] 30#30: exit
2024/09/03 19:27:55 [notice] 40#40: exit
2024/09/03 19:27:55 [notice] 41#41: gracefully shutting down
2024/09/03 19:27:55 [notice] 35#35: exit
2024/09/03 19:27:55 [notice] 39#39: gracefully shutting down
2024/09/03 19:27:55 [notice] 41#41: exiting
2024/09/03 19:27:55 [notice] 39#39: exiting
2024/09/03 19:27:55 [notice] 41#41: exit
2024/09/03 19:27:55 [notice] 39#39: exit
2024/09/03 19:27:55 [notice] 33#33: gracefully shutting down
2024/09/03 19:27:55 [notice] 33#33: exiting
2024/09/03 19:27:55 [notice] 34#34: gracefully shutting down
2024/09/03 19:27:55 [notice] 36#36: gracefully shutting down
2024/09/03 19:27:55 [notice] 34#34: exiting
2024/09/03 19:27:55 [notice] 33#33: exit
2024/09/03 19:27:55 [notice] 36#36: exiting
2024/09/03 19:27:55 [notice] 34#34: exit
2024/09/03 19:27:55 [notice] 36#36: exit
2024/09/03 19:27:55 [notice] 1#1: signal 17 (SIGCHLD) received from 40
2024/09/03 19:27:55 [notice] 1#1: worker process 38 exited with code 0
2024/09/03 19:27:55 [notice] 1#1: worker process 40 exited with code 0
2024/09/03 19:27:55 [notice] 1#1: signal 29 (SIGIO) received
2024/09/03 19:27:55 [notice] 1#1: signal 17 (SIGCHLD) received from 30
2024/09/03 19:27:55 [notice] 1#1: worker process 30 exited with code 0
2024/09/03 19:27:55 [notice] 1#1: signal 29 (SIGIO) received
2024/09/03 19:27:55 [notice] 1#1: signal 17 (SIGCHLD) received from 37
2024/09/03 19:27:55 [notice] 1#1: worker process 37 exited with code 0
2024/09/03 19:27:55 [notice] 1#1: worker process 39 exited with code 0
2024/09/03 19:27:55 [notice] 1#1: signal 29 (SIGIO) received
2024/09/03 19:27:55 [notice] 1#1: signal 17 (SIGCHLD) received from 34
2024/09/03 19:27:55 [notice] 1#1: worker process 32 exited with code 0
2024/09/03 19:27:55 [notice] 1#1: worker process 34 exited with code 0
2024/09/03 19:27:55 [notice] 1#1: signal 29 (SIGIO) received
2024/09/03 19:27:55 [notice] 1#1: signal 17 (SIGCHLD) received from 36
2024/09/03 19:27:55 [notice] 1#1: worker process 35 exited with code 0
2024/09/03 19:27:55 [notice] 1#1: worker process 36 exited with code 0
2024/09/03 19:27:55 [notice] 1#1: signal 29 (SIGIO) received
2024/09/03 19:27:55 [notice] 1#1: signal 17 (SIGCHLD) received from 35
2024/09/03 19:27:55 [notice] 1#1: signal 17 (SIGCHLD) received from 41
2024/09/03 19:27:55 [notice] 1#1: worker process 41 exited with code 0
2024/09/03 19:27:55 [notice] 1#1: signal 29 (SIGIO) received
2024/09/03 19:27:55 [notice] 1#1: signal 17 (SIGCHLD) received from 33
2024/09/03 19:27:55 [notice] 1#1: worker process 31 exited with code 0
2024/09/03 19:27:55 [notice] 1#1: worker process 33 exited with code 0
2024/09/03 19:27:55 [notice] 1#1: exit
2024/09/03 20:22:02 [emerg] 1#1: host not found in upstream "php" in /etc/nginx/conf.d/default.conf:26
2024/09/03 20:42:44 [emerg] 1#1: host not found in upstream "php" in /etc/nginx/conf.d/default.conf:26
2024/09/03 20:46:17 [crit] 8#8: *1 connect() to unix:/run/php/php7.3-fpm.sock failed (2: No such file or directory) while connecting to upstream, client: 172.18.0.1, server: localhost, request: "POST /wp-admin/admin-ajax.php HTTP/1.1", upstream: "fastcgi://unix:/run/php/php7.3-fpm.sock:", host: "localhost", referrer: "http://localhost/wp-admin/"
2024/09/03 20:46:18 [crit] 8#8: *1 connect() to unix:/run/php/php7.3-fpm.sock failed (2: No such file or directory) while connecting to upstream, client: 172.18.0.1, server: localhost, request: "GET /wp-admin/ HTTP/1.1", upstream: "fastcgi://unix:/run/php/php7.3-fpm.sock:", host: "localhost"
2024/09/03 20:46:20 [crit] 8#8: *1 connect() to unix:/run/php/php7.3-fpm.sock failed (2: No such file or directory) while connecting to upstream, client: 172.18.0.1, server: localhost, request: "GET /wp-admin/ HTTP/1.1", upstream: "fastcgi://unix:/run/php/php7.3-fpm.sock:", host: "localhost"
2024/09/03 20:46:26 [crit] 8#8: *1 connect() to unix:/run/php/php7.3-fpm.sock failed (2: No such file or directory) while connecting to upstream, client: 172.18.0.1, server: localhost, request: "GET / HTTP/1.1", upstream: "fastcgi://unix:/run/php/php7.3-fpm.sock:", host: "localhost"
2024/09/03 20:47:09 [emerg] 1#1: host not found in upstream "php" in /etc/nginx/conf.d/default.conf:26
2024/09/03 20:49:34 [emerg] 1#1: host not found in upstream "php_service" in /etc/nginx/conf.d/default.conf:26
2024/09/03 20:50:22 [emerg] 1#1: host not found in upstream "php" in /etc/nginx/conf.d/default.conf:26
2024/09/03 20:58:34 [emerg] 1#1: host not found in upstream "php" in /etc/nginx/conf.d/default.conf:19
2024/09/03 20:59:57 [emerg] 1#1: host not found in upstream "php" in /etc/nginx/conf.d/default.conf:19
2024/09/03 21:03:40 [emerg] 1#1: host not found in upstream "php" in /etc/nginx/conf.d/default.conf:19
2024/09/03 21:06:05 [crit] 7#7: *1 connect() to unix:/run/php/php7.3-fpm.sock failed (2: No such file or directory) while connecting to upstream, client: 172.18.0.1, server: localhost, request: "GET /wp-admin/ HTTP/1.1", upstream: "fastcgi://unix:/run/php/php7.3-fpm.sock:", host: "localhost"
2024/09/03 21:07:16 [crit] 7#7: *1 connect() to unix:/run/php/php7.3-fpm.sock failed (2: No such file or directory) while connecting to upstream, client: 172.18.0.1, server: localhost, request: "POST /wp-admin/admin-ajax.php HTTP/1.1", upstream: "fastcgi://unix:/run/php/php7.3-fpm.sock:", host: "localhost", referrer: "http://localhost/wp-admin/"
2024/09/03 21:07:17 [crit] 7#7: *1 connect() to unix:/run/php/php7.3-fpm.sock failed (2: No such file or directory) while connecting to upstream, client: 172.18.0.1, server: localhost, request: "GET /wp-admin/ HTTP/1.1", upstream: "fastcgi://unix:/run/php/php7.3-fpm.sock:", host: "localhost", referrer: "http://localhost/wp-login.php?redirect_to=http%3A%2F%2Flocalhost%2Fwp-admin%2F&reauth=1"
2024/09/03 21:08:45 [emerg] 1#1: no port in upstream "php" in /etc/nginx/conf.d/default.conf:19
2024/09/03 21:09:18 [emerg] 1#1: host not found in upstream "php" in /etc/nginx/conf.d/default.conf:19
2024/09/03 21:14:08 [emerg] 1#1: host not found in upstream "php" in /etc/nginx/conf.d/default.conf:18
2024/09/03 21:20:33 [emerg] 1#1: host not found in upstream "php_service" in /etc/nginx/conf.d/default.conf:18
2024/09/03 21:26:41 [emerg] 1#1: host not found in upstream "php" in /etc/nginx/conf.d/default.conf:18
2024/09/03 21:27:24 [emerg] 1#1: host not found in upstream "php" in /etc/nginx/conf.d/default.conf:18
2024/09/03 21:28:22 [emerg] 1#1: host not found in upstream "php" in /etc/nginx/conf.d/default.conf:18
2024/09/03 21:30:20 [error] 7#7: *1 connect() failed (111: Connection refused) while connecting to upstream, client: 172.18.0.1, server: localhost, request: "GET / HTTP/1.1", upstream: "fastcgi://172.18.0.3:9000", host: "localhost"
2024/09/03 21:30:22 [error] 7#7: *1 connect() failed (111: Connection refused) while connecting to upstream, client: 172.18.0.1, server: localhost, request: "GET / HTTP/1.1", upstream: "fastcgi://172.18.0.3:9000", host: "localhost"
2024/09/03 21:41:33 [error] 7#7: *1 connect() failed (111: Connection refused) while connecting to upstream, client: 172.18.0.1, server: localhost, request: "GET / HTTP/1.1", upstream: "fastcgi://172.18.0.2:9000", host: "localhost"
2024/09/03 21:41:34 [error] 7#7: *1 connect() failed (111: Connection refused) while connecting to upstream, client: 172.18.0.1, server: localhost, request: "GET / HTTP/1.1", upstream: "fastcgi://172.18.0.2:9000", host: "localhost"
2024/09/03 21:41:39 [error] 7#7: *1 connect() failed (111: Connection refused) while connecting to upstream, client: 172.18.0.1, server: localhost, request: "GET / HTTP/1.1", upstream: "fastcgi://172.18.0.2:9000", host: "localhost"
2024/09/03 21:43:10 [error] 7#7: *1 connect() failed (111: Connection refused) while connecting to upstream, client: 172.18.0.1, server: localhost, request: "GET / HTTP/1.1", upstream: "fastcgi://172.18.0.2:9000", host: "localhost"
2024/09/03 21:43:10 [error] 7#7: *1 connect() failed (111: Connection refused) while connecting to upstream, client: 172.18.0.1, server: localhost, request: "GET / HTTP/1.1", upstream: "fastcgi://172.18.0.2:9000", host: "localhost"
2024/09/03 21:43:11 [error] 7#7: *1 connect() failed (111: Connection refused) while connecting to upstream, client: 172.18.0.1, server: localhost, request: "GET / HTTP/1.1", upstream: "fastcgi://172.18.0.2:9000", host: "localhost"
2024/09/03 21:43:11 [error] 7#7: *1 connect() failed (111: Connection refused) while connecting to upstream, client: 172.18.0.1, server: localhost, request: "GET / HTTP/1.1", upstream: "fastcgi://172.18.0.2:9000", host: "localhost"
2024/09/03 21:43:11 [error] 7#7: *1 connect() failed (111: Connection refused) while connecting to upstream, client: 172.18.0.1, server: localhost, request: "GET / HTTP/1.1", upstream: "fastcgi://172.18.0.2:9000", host: "localhost"
2024/09/03 21:43:12 [error] 7#7: *1 connect() failed (111: Connection refused) while connecting to upstream, client: 172.18.0.1, server: localhost, request: "GET / HTTP/1.1", upstream: "fastcgi://172.18.0.2:9000", host: "localhost"
2024/09/03 21:43:13 [error] 7#7: *1 connect() failed (111: Connection refused) while connecting to upstream, client: 172.18.0.1, server: localhost, request: "GET / HTTP/1.1", upstream: "fastcgi://172.18.0.2:9000", host: "localhost"
2024/09/03 21:51:21 [error] 7#7: *1 connect() failed (111: Connection refused) while connecting to upstream, client: 172.19.0.1, server: localhost, request: "GET / HTTP/1.1", upstream: "fastcgi://172.19.0.2:9000", host: "localhost"
2024/09/03 21:51:21 [error] 7#7: *1 connect() failed (111: Connection refused) while connecting to upstream, client: 172.19.0.1, server: localhost, request: "GET / HTTP/1.1", upstream: "fastcgi://172.19.0.2:9000", host: "localhost"
2024/09/03 21:51:22 [error] 7#7: *1 connect() failed (111: Connection refused) while connecting to upstream, client: 172.19.0.1, server: localhost, request: "GET / HTTP/1.1", upstream: "fastcgi://172.19.0.2:9000", host: "localhost"
2024/09/03 21:52:48 [error] 7#7: *5 connect() failed (111: Connection refused) while connecting to upstream, client: 172.19.0.1, server: localhost, request: "GET /wp-admin/ HTTP/1.1", upstream: "fastcgi://172.19.0.2:9000", host: "localhost", referrer: "http://localhost/wp-login.php?redirect_to=http%3A%2F%2Flocalhost%2Fwp-admin%2F&reauth=1"
